<?xml version="1.0" encoding="UTF-8"?>
<!-- Generated by org.testng.reporters.JUnitReportReporter -->
<testsuite hostname="LAPTOP-H14VPM21" failures="0" tests="1" name="bingTest.SampleBingTest" time="11.202" errors="0" timestamp="2024-05-19T19:12:26 IST" skipped="0">
  <testcase classname="bingTest.SampleBingTest" name="validateBing" time="11.202"/>
</testsuite> <!-- bingTest.SampleBingTest -->
