<?xml version="1.0" encoding="UTF-8"?>
<!-- Generated by org.testng.reporters.JUnitReportReporter -->
<testsuite hostname="LAPTOP-H14VPM21" failures="0" tests="1" name="googleTest.SampleGoogleTest" time="7.715" errors="0" timestamp="2024-05-19T19:12:26 IST" skipped="0">
  <testcase classname="googleTest.SampleGoogleTest" name="validateGoogle" time="7.715"/>
</testsuite> <!-- googleTest.SampleGoogleTest -->
